<?xml version="1.0" encoding="UTF-8"?>
<testsuite name="com.itsdcode.feed.domain.DomainTest" tests="1" skipped="0" failures="0" errors="0" timestamp="2020-03-11T05:48:08" hostname="DESKTOP-GL8Q5BQ" time="0.095">
  <properties/>
  <testcase name="test" classname="com.itsdcode.feed.domain.DomainTest" time="0.095"/>
  <system-out><![CDATA[14:48:01.507 [Test worker] DEBUG org.springframework.test.context.junit4.SpringJUnit4ClassRunner - SpringJUnit4ClassRunner constructor called with [class com.itsdcode.feed.domain.DomainTest]
14:48:01.522 [Test worker] DEBUG org.springframework.test.context.BootstrapUtils - Instantiating CacheAwareContextLoaderDelegate from class [org.springframework.test.context.cache.DefaultCacheAwareContextLoaderDelegate]
14:48:01.538 [Test worker] DEBUG org.springframework.test.context.BootstrapUtils - Instantiating BootstrapContext using constructor [public org.springframework.test.context.support.DefaultBootstrapContext(java.lang.Class,org.springframework.test.context.CacheAwareContextLoaderDelegate)]
14:48:01.602 [Test worker] DEBUG org.springframework.test.context.BootstrapUtils - Instantiating TestContextBootstrapper for test class [com.itsdcode.feed.domain.DomainTest] from class [org.springframework.boot.test.context.SpringBootTestContextBootstrapper]
14:48:01.630 [Test worker] INFO org.springframework.boot.test.context.SpringBootTestContextBootstrapper - Neither @ContextConfiguration nor @ContextHierarchy found for test class [com.itsdcode.feed.domain.DomainTest], using SpringBootContextLoader
14:48:01.636 [Test worker] DEBUG org.springframework.test.context.support.AbstractContextLoader - Did not detect default resource location for test class [com.itsdcode.feed.domain.DomainTest]: class path resource [com/itsdcode/feed/domain/DomainTest-context.xml] does not exist
14:48:01.637 [Test worker] DEBUG org.springframework.test.context.support.AbstractContextLoader - Did not detect default resource location for test class [com.itsdcode.feed.domain.DomainTest]: class path resource [com/itsdcode/feed/domain/DomainTestContext.groovy] does not exist
14:48:01.638 [Test worker] INFO org.springframework.test.context.support.AbstractContextLoader - Could not detect default resource locations for test class [com.itsdcode.feed.domain.DomainTest]: no resource found for suffixes {-context.xml, Context.groovy}.
14:48:01.716 [Test worker] DEBUG org.springframework.test.context.support.ActiveProfilesUtils - Could not find an 'annotation declaring class' for annotation type [org.springframework.test.context.ActiveProfiles] and class [com.itsdcode.feed.domain.DomainTest]
14:48:01.900 [Test worker] DEBUG org.springframework.boot.test.context.SpringBootTestContextBootstrapper - @TestExecutionListeners is not present for class [com.itsdcode.feed.domain.DomainTest]: using defaults.
14:48:01.901 [Test worker] INFO org.springframework.boot.test.context.SpringBootTestContextBootstrapper - Loaded default TestExecutionListener class names from location [META-INF/spring.factories]: [org.springframework.boot.test.autoconfigure.restdocs.RestDocsTestExecutionListener, org.springframework.boot.test.autoconfigure.web.client.MockRestServiceServerResetTestExecutionListener, org.springframework.boot.test.autoconfigure.web.servlet.MockMvcPrintOnlyOnFailureTestExecutionListener, org.springframework.boot.test.autoconfigure.web.servlet.WebDriverTestExecutionListener, org.springframework.boot.test.mock.mockito.MockitoTestExecutionListener, org.springframework.boot.test.mock.mockito.ResetMocksTestExecutionListener, org.springframework.test.context.web.ServletTestExecutionListener, org.springframework.test.context.support.DirtiesContextBeforeModesTestExecutionListener, org.springframework.test.context.support.DependencyInjectionTestExecutionListener, org.springframework.test.context.support.DirtiesContextTestExecutionListener, org.springframework.test.context.transaction.TransactionalTestExecutionListener, org.springframework.test.context.jdbc.SqlScriptsTestExecutionListener, org.springframework.test.context.event.EventPublishingTestExecutionListener]
14:48:01.930 [Test worker] INFO org.springframework.boot.test.context.SpringBootTestContextBootstrapper - Using TestExecutionListeners: [org.springframework.test.context.web.ServletTestExecutionListener@1e30dd9e, org.springframework.test.context.support.DirtiesContextBeforeModesTestExecutionListener@7bb79393, org.springframework.boot.test.mock.mockito.MockitoTestExecutionListener@36b9c549, org.springframework.boot.test.autoconfigure.SpringBootDependencyInjectionTestExecutionListener@15d85a8c, org.springframework.test.context.support.DirtiesContextTestExecutionListener@d9ca984, org.springframework.test.context.transaction.TransactionalTestExecutionListener@4af098af, org.springframework.test.context.jdbc.SqlScriptsTestExecutionListener@321b9f35, org.springframework.test.context.event.EventPublishingTestExecutionListener@65c0bfc0, org.springframework.boot.test.autoconfigure.restdocs.RestDocsTestExecutionListener@d78ea75, org.springframework.boot.test.autoconfigure.web.client.MockRestServiceServerResetTestExecutionListener@43033e95, org.springframework.boot.test.autoconfigure.web.servlet.MockMvcPrintOnlyOnFailureTestExecutionListener@2d8fe3f7, org.springframework.boot.test.autoconfigure.web.servlet.WebDriverTestExecutionListener@4dd16739, org.springframework.boot.test.mock.mockito.ResetMocksTestExecutionListener@73007b4]
14:48:01.936 [Test worker] DEBUG org.springframework.test.annotation.ProfileValueUtils - Retrieved @ProfileValueSourceConfiguration [null] for test class [com.itsdcode.feed.domain.DomainTest]
14:48:01.937 [Test worker] DEBUG org.springframework.test.annotation.ProfileValueUtils - Retrieved ProfileValueSource type [class org.springframework.test.annotation.SystemProfileValueSource] for class [com.itsdcode.feed.domain.DomainTest]
14:48:01.940 [Test worker] DEBUG org.springframework.test.annotation.ProfileValueUtils - Retrieved @ProfileValueSourceConfiguration [null] for test class [com.itsdcode.feed.domain.DomainTest]
14:48:01.940 [Test worker] DEBUG org.springframework.test.annotation.ProfileValueUtils - Retrieved ProfileValueSource type [class org.springframework.test.annotation.SystemProfileValueSource] for class [com.itsdcode.feed.domain.DomainTest]
14:48:01.942 [Test worker] DEBUG org.springframework.test.annotation.ProfileValueUtils - Retrieved @ProfileValueSourceConfiguration [null] for test class [com.itsdcode.feed.domain.DomainTest]
14:48:01.942 [Test worker] DEBUG org.springframework.test.annotation.ProfileValueUtils - Retrieved ProfileValueSource type [class org.springframework.test.annotation.SystemProfileValueSource] for class [com.itsdcode.feed.domain.DomainTest]
14:48:01.948 [Test worker] DEBUG org.springframework.test.context.support.AbstractDirtiesContextTestExecutionListener - Before test class: context [DefaultTestContext@31caed4f testClass = DomainTest, testInstance = [null], testMethod = [null], testException = [null], mergedContextConfiguration = [WebMergedContextConfiguration@913c505 testClass = DomainTest, locations = '{}', classes = '{class com.itsdcode.feed.Application, class com.itsdcode.feed.Application}', contextInitializerClasses = '[]', activeProfiles = '{}', propertySourceLocations = '{}', propertySourceProperties = '{org.springframework.boot.test.context.SpringBootTestContextBootstrapper=true}', contextCustomizers = set[org.springframework.boot.test.autoconfigure.properties.PropertyMappingContextCustomizer@0, org.springframework.boot.test.autoconfigure.web.servlet.WebDriverContextCustomizerFactory$Customizer@6aabe03e, org.springframework.boot.test.context.filter.ExcludeFilterContextCustomizer@2a734c6d, org.springframework.boot.test.json.DuplicateJsonObjectContextCustomizerFactory$DuplicateJsonObjectContextCustomizer@749c0aca, org.springframework.boot.test.mock.mockito.MockitoContextCustomizer@0, org.springframework.boot.test.web.client.TestRestTemplateContextCustomizer@443b6562], resourceBasePath = 'src/main/webapp', contextLoader = 'org.springframework.boot.test.context.SpringBootContextLoader', parent = [null]], attributes = map['org.springframework.test.context.web.ServletTestExecutionListener.activateListener' -> true]], class annotated with @DirtiesContext [false] with mode [null].
14:48:01.950 [Test worker] DEBUG org.springframework.test.annotation.ProfileValueUtils - Retrieved @ProfileValueSourceConfiguration [null] for test class [com.itsdcode.feed.domain.DomainTest]
14:48:01.951 [Test worker] DEBUG org.springframework.test.annotation.ProfileValueUtils - Retrieved ProfileValueSource type [class org.springframework.test.annotation.SystemProfileValueSource] for class [com.itsdcode.feed.domain.DomainTest]
14:48:01.983 [Test worker] DEBUG org.springframework.test.context.support.TestPropertySourceUtils - Adding inlined properties to environment: {spring.jmx.enabled=false, org.springframework.boot.test.context.SpringBootTestContextBootstrapper=true, server.port=-1}

  .   ____          _            __ _ _
 /\\ / ___'_ __ _ _(_)_ __  __ _ \ \ \ \
( ( )\___ | '_ | '_| | '_ \/ _` | \ \ \ \
 \\/  ___)| |_)| | | | | || (_| |  ) ) ) )
  '  |____| .__|_| |_|_| |_\__, | / / / /
 =========|_|==============|___/=/_/_/_/
 :: Spring Boot ::        (v2.2.5.RELEASE)

2020-03-11 14:48:02.613  INFO 11652 --- [    Test worker] com.itsdcode.feed.domain.DomainTest      : Starting DomainTest on DESKTOP-GL8Q5BQ with PID 11652 (started by sange in C:\InteliJworkSpace\feed\feed-api)
2020-03-11 14:48:02.615  INFO 11652 --- [    Test worker] com.itsdcode.feed.domain.DomainTest      : No active profile set, falling back to default profiles: default
2020-03-11 14:48:03.771  INFO 11652 --- [    Test worker] .s.d.r.c.RepositoryConfigurationDelegate : Bootstrapping Spring Data JPA repositories in DEFAULT mode.
2020-03-11 14:48:03.888  INFO 11652 --- [    Test worker] .s.d.r.c.RepositoryConfigurationDelegate : Finished Spring Data repository scanning in 101ms. Found 1 JPA repository interfaces.
2020-03-11 14:48:04.797  INFO 11652 --- [    Test worker] o.hibernate.jpa.internal.util.LogHelper  : HHH000204: Processing PersistenceUnitInfo [name: default]
2020-03-11 14:48:04.915  INFO 11652 --- [    Test worker] org.hibernate.Version                    : HHH000412: Hibernate ORM core version 5.4.12.Final
2020-03-11 14:48:05.190  INFO 11652 --- [    Test worker] o.hibernate.annotations.common.Version   : HCANN000001: Hibernate Commons Annotations {5.1.0.Final}
2020-03-11 14:48:05.349  INFO 11652 --- [    Test worker] com.zaxxer.hikari.HikariDataSource       : feed_hicariCP - Starting...
2020-03-11 14:48:05.623  INFO 11652 --- [    Test worker] com.zaxxer.hikari.HikariDataSource       : feed_hicariCP - Start completed.
2020-03-11 14:48:05.656  INFO 11652 --- [    Test worker] org.hibernate.dialect.Dialect            : HHH000400: Using dialect: org.hibernate.dialect.H2Dialect
Hibernate: drop table feed_detail if exists
Hibernate: drop sequence if exists hibernate_sequence
Hibernate: create sequence hibernate_sequence start with 1 increment by 1
Hibernate: create table feed_detail (id bigint not null, title varchar(255) not null, primary key (id))
2020-03-11 14:48:06.579  INFO 11652 --- [    Test worker] o.h.e.t.j.p.i.JtaPlatformInitiator       : HHH000490: Using JtaPlatform implementation: [org.hibernate.engine.transaction.jta.platform.internal.NoJtaPlatform]
2020-03-11 14:48:06.588  INFO 11652 --- [    Test worker] j.LocalContainerEntityManagerFactoryBean : Initialized JPA EntityManagerFactory for persistence unit 'default'
2020-03-11 14:48:07.781  INFO 11652 --- [    Test worker] o.s.s.concurrent.ThreadPoolTaskExecutor  : Initializing ExecutorService 'applicationTaskExecutor'
2020-03-11 14:48:08.247  INFO 11652 --- [    Test worker] o.s.b.a.h2.H2ConsoleAutoConfiguration    : H2 console available at '/h2'. Database available at 'jdbc:h2:mem:test'
2020-03-11 14:48:08.383  INFO 11652 --- [    Test worker] com.itsdcode.feed.domain.DomainTest      : Started DomainTest in 6.388 seconds (JVM running for 8.015)
com.itsdcode.feed.domain.dto.FeedDetail@5d52fd5c
]]></system-out>
  <system-err><![CDATA[]]></system-err>
</testsuite>
